2020-03-19 03:00:11.163  INFO 2708 --- [restartedMain] com.guet.match.MatchApplication          : Starting MatchApplication on SEFER with PID 2708 (started by 潘裤衩 in C:\Users\潘裤衩爱学习\Desktop\match)
2020-03-19 03:00:11.169  INFO 2708 --- [restartedMain] com.guet.match.MatchApplication          : No active profile set, falling back to default profiles: default
2020-03-19 03:00:11.287  INFO 2708 --- [restartedMain] .e.DevToolsPropertyDefaultsPostProcessor : Devtools property defaults active! Set 'spring.devtools.add-properties' to 'false' to disable
2020-03-19 03:00:11.288  INFO 2708 --- [restartedMain] .e.DevToolsPropertyDefaultsPostProcessor : For additional web related logging consider setting the 'logging.level.web' property to 'DEBUG'
2020-03-19 03:00:13.378  INFO 2708 --- [restartedMain] trationDelegate$BeanPostProcessorChecker : Bean 'org.springframework.ws.config.annotation.DelegatingWsConfiguration' of type [org.springframework.ws.config.annotation.DelegatingWsConfiguration$$EnhancerBySpringCGLIB$$84c7675c] is not eligible for getting processed by all BeanPostProcessors (for example: not eligible for auto-proxying)
2020-03-19 03:00:13.464  INFO 2708 --- [restartedMain] .w.s.a.s.AnnotationActionEndpointMapping : Supporting [WS-Addressing August 2004, WS-Addressing 1.0]
2020-03-19 03:00:13.996  INFO 2708 --- [restartedMain] o.s.b.w.embedded.tomcat.TomcatWebServer  : Tomcat initialized with port(s): 443 (http)
2020-03-19 03:00:14.016  INFO 2708 --- [restartedMain] o.apache.catalina.core.StandardService   : Starting service [Tomcat]
2020-03-19 03:00:14.022  INFO 2708 --- [restartedMain] org.apache.catalina.core.StandardEngine  : Starting Servlet engine: [Apache Tomcat/9.0.31]
2020-03-19 03:00:14.293  INFO 2708 --- [restartedMain] o.a.c.c.C.[Tomcat].[localhost].[/]       : Initializing Spring embedded WebApplicationContext
2020-03-19 03:00:14.293  INFO 2708 --- [restartedMain] o.s.web.context.ContextLoader            : Root WebApplicationContext: initialization completed in 3003 ms
2020-03-19 03:00:15.539  INFO 2708 --- [restartedMain] pertySourcedRequestMappingHandlerMapping : Mapped URL path [/v2/api-docs] onto method [springfox.documentation.swagger2.web.Swagger2Controller#getDocumentation(String, HttpServletRequest)]
2020-03-19 03:00:15.680  INFO 2708 --- [restartedMain] o.s.s.concurrent.ThreadPoolTaskExecutor  : Initializing ExecutorService 'applicationTaskExecutor'
2020-03-19 03:00:15.739  INFO 2708 --- [restartedMain] o.s.b.d.a.OptionalLiveReloadServer       : LiveReload server is running on port 35729
2020-03-19 03:00:15.781  INFO 2708 --- [restartedMain] o.s.b.a.w.s.WelcomePageHandlerMapping    : Adding welcome page template: index
2020-03-19 03:00:16.215  INFO 2708 --- [restartedMain] d.s.w.p.DocumentationPluginsBootstrapper : Context refreshed
2020-03-19 03:00:16.242  INFO 2708 --- [restartedMain] d.s.w.p.DocumentationPluginsBootstrapper : Found 1 custom documentation plugin(s)
2020-03-19 03:00:16.303  INFO 2708 --- [restartedMain] s.d.s.w.s.ApiListingReferenceScanner     : Scanning for api listing references
2020-03-19 03:00:16.646  INFO 2708 --- [restartedMain] o.s.b.w.embedded.tomcat.TomcatWebServer  : Tomcat started on port(s): 443 (http) with context path ''
2020-03-19 03:00:16.653  INFO 2708 --- [restartedMain] com.guet.match.MatchApplication          : Started MatchApplication in 6.137 seconds (JVM running for 7.793)
2020-03-19 03:02:37.819  INFO 2708 --- [http-nio-443-exec-1] o.a.c.c.C.[Tomcat].[localhost].[/]       : Initializing Spring DispatcherServlet 'dispatcherServlet'
2020-03-19 03:02:37.819  INFO 2708 --- [http-nio-443-exec-1] o.s.web.servlet.DispatcherServlet        : Initializing Servlet 'dispatcherServlet'
2020-03-19 03:02:37.829  INFO 2708 --- [http-nio-443-exec-1] o.s.web.servlet.DispatcherServlet        : Completed initialization in 10 ms
2020-03-19 03:02:37.891  INFO 2708 --- [Thread-12] o.s.s.concurrent.ThreadPoolTaskExecutor  : Shutting down ExecutorService 'applicationTaskExecutor'
2020-03-19 03:02:37.981  INFO 2708 --- [http-nio-443-exec-1] com.zaxxer.hikari.HikariDataSource       : HikariPool-1 - Starting...
2020-03-19 03:02:38.141  INFO 2708 --- [http-nio-443-exec-1] com.zaxxer.hikari.HikariDataSource       : HikariPool-1 - Start completed.
2020-03-19 03:02:38.595  INFO 2708 --- [restartedMain] com.guet.match.MatchApplication          : Starting MatchApplication on SEFER with PID 2708 (started by 潘裤衩 in C:\Users\潘裤衩爱学习\Desktop\match)
2020-03-19 03:02:38.595  INFO 2708 --- [restartedMain] com.guet.match.MatchApplication          : No active profile set, falling back to default profiles: default
2020-03-19 03:02:39.414  INFO 2708 --- [restartedMain] trationDelegate$BeanPostProcessorChecker : Bean 'org.springframework.ws.config.annotation.DelegatingWsConfiguration' of type [org.springframework.ws.config.annotation.DelegatingWsConfiguration$$EnhancerBySpringCGLIB$$84c7675c] is not eligible for getting processed by all BeanPostProcessors (for example: not eligible for auto-proxying)
2020-03-19 03:02:39.418  INFO 2708 --- [restartedMain] .w.s.a.s.AnnotationActionEndpointMapping : Supporting [WS-Addressing August 2004, WS-Addressing 1.0]
2020-03-19 03:02:39.679  INFO 2708 --- [restartedMain] o.s.b.w.embedded.tomcat.TomcatWebServer  : Tomcat initialized with port(s): 443 (http)
2020-03-19 03:02:39.680  INFO 2708 --- [restartedMain] o.apache.catalina.core.StandardService   : Starting service [Tomcat]
2020-03-19 03:02:39.680  INFO 2708 --- [restartedMain] org.apache.catalina.core.StandardEngine  : Starting Servlet engine: [Apache Tomcat/9.0.31]
2020-03-19 03:02:39.712  INFO 2708 --- [restartedMain] o.a.c.c.C.[Tomcat].[localhost].[/]       : Initializing Spring embedded WebApplicationContext
2020-03-19 03:02:39.714  INFO 2708 --- [restartedMain] o.s.web.context.ContextLoader            : Root WebApplicationContext: initialization completed in 1115 ms
2020-03-19 03:02:40.044  INFO 2708 --- [restartedMain] pertySourcedRequestMappingHandlerMapping : Mapped URL path [/v2/api-docs] onto method [springfox.documentation.swagger2.web.Swagger2Controller#getDocumentation(String, HttpServletRequest)]
2020-03-19 03:02:40.102  INFO 2708 --- [restartedMain] o.s.s.concurrent.ThreadPoolTaskExecutor  : Initializing ExecutorService 'applicationTaskExecutor'
2020-03-19 03:02:40.112  INFO 2708 --- [restartedMain] o.s.b.d.a.OptionalLiveReloadServer       : LiveReload server is running on port 35729
2020-03-19 03:02:40.123  INFO 2708 --- [restartedMain] o.s.b.a.w.s.WelcomePageHandlerMapping    : Adding welcome page template: index
2020-03-19 03:02:40.384  INFO 2708 --- [restartedMain] d.s.w.p.DocumentationPluginsBootstrapper : Context refreshed
2020-03-19 03:02:40.385  INFO 2708 --- [restartedMain] d.s.w.p.DocumentationPluginsBootstrapper : Found 1 custom documentation plugin(s)
2020-03-19 03:02:40.394  INFO 2708 --- [restartedMain] s.d.s.w.s.ApiListingReferenceScanner     : Scanning for api listing references
2020-03-19 03:02:40.518  INFO 2708 --- [restartedMain] o.s.b.w.embedded.tomcat.TomcatWebServer  : Tomcat started on port(s): 443 (http) with context path ''
2020-03-19 03:02:40.533  INFO 2708 --- [restartedMain] com.guet.match.MatchApplication          : Started MatchApplication in 1.973 seconds (JVM running for 151.673)
2020-03-19 03:02:40.536  INFO 2708 --- [restartedMain] .ConditionEvaluationDeltaLoggingListener : Condition evaluation unchanged
2020-03-19 03:02:45.673  INFO 2708 --- [http-nio-443-exec-10] o.a.c.c.C.[Tomcat].[localhost].[/]       : Initializing Spring DispatcherServlet 'dispatcherServlet'
2020-03-19 03:02:45.675  INFO 2708 --- [http-nio-443-exec-10] o.s.web.servlet.DispatcherServlet        : Initializing Servlet 'dispatcherServlet'
2020-03-19 03:02:45.680  INFO 2708 --- [http-nio-443-exec-10] o.s.web.servlet.DispatcherServlet        : Completed initialization in 5 ms
2020-03-19 03:02:45.691  INFO 2708 --- [http-nio-443-exec-10] com.zaxxer.hikari.HikariDataSource       : HikariPool-2 - Starting...
2020-03-19 03:02:45.696  INFO 2708 --- [http-nio-443-exec-10] com.zaxxer.hikari.HikariDataSource       : HikariPool-2 - Start completed.
2020-03-19 03:02:45.766  INFO 2708 --- [http-nio-443-exec-10] com.guet.match.service.ContestService    : Hello World
